CRITICAL - 2022-06-08 00:01:21 --> Class "Pdfgenerator" not found
#0 C:\xampp\htdocs\finanzas\system\CodeIgniter.php(832): App\Controllers\ReporteController->print_reporte()
#1 C:\xampp\htdocs\finanzas\system\CodeIgniter.php(419): CodeIgniter\CodeIgniter->runController(Object(App\Controllers\ReporteController))
#2 C:\xampp\htdocs\finanzas\system\CodeIgniter.php(326): CodeIgniter\CodeIgniter->handleRequest(NULL, Object(Config\Cache), false)
#3 C:\xampp\htdocs\finanzas\index.php(37): CodeIgniter\CodeIgniter->run()
#4 {main}
CRITICAL - 2022-06-08 00:01:24 --> Class "Pdfgenerator" not found
#0 C:\xampp\htdocs\finanzas\system\CodeIgniter.php(832): App\Controllers\ReporteController->print_reporte()
#1 C:\xampp\htdocs\finanzas\system\CodeIgniter.php(419): CodeIgniter\CodeIgniter->runController(Object(App\Controllers\ReporteController))
#2 C:\xampp\htdocs\finanzas\system\CodeIgniter.php(326): CodeIgniter\CodeIgniter->handleRequest(NULL, Object(Config\Cache), false)
#3 C:\xampp\htdocs\finanzas\index.php(37): CodeIgniter\CodeIgniter->run()
#4 {main}
CRITICAL - 2022-06-08 00:01:32 --> Class "Pdfgenerator" not found
#0 C:\xampp\htdocs\finanzas\system\CodeIgniter.php(832): App\Controllers\ReporteController->print_reporte()
#1 C:\xampp\htdocs\finanzas\system\CodeIgniter.php(419): CodeIgniter\CodeIgniter->runController(Object(App\Controllers\ReporteController))
#2 C:\xampp\htdocs\finanzas\system\CodeIgniter.php(326): CodeIgniter\CodeIgniter->handleRequest(NULL, Object(Config\Cache), false)
#3 C:\xampp\htdocs\finanzas\index.php(37): CodeIgniter\CodeIgniter->run()
#4 {main}
CRITICAL - 2022-06-08 00:01:35 --> Class "Pdfgenerator" not found
#0 C:\xampp\htdocs\finanzas\system\CodeIgniter.php(832): App\Controllers\ReporteController->print_reporte()
#1 C:\xampp\htdocs\finanzas\system\CodeIgniter.php(419): CodeIgniter\CodeIgniter->runController(Object(App\Controllers\ReporteController))
#2 C:\xampp\htdocs\finanzas\system\CodeIgniter.php(326): CodeIgniter\CodeIgniter->handleRequest(NULL, Object(Config\Cache), false)
#3 C:\xampp\htdocs\finanzas\index.php(37): CodeIgniter\CodeIgniter->run()
#4 {main}
CRITICAL - 2022-06-08 00:03:14 --> Class "App\Controllers\App\Controllers\PDFPDF" not found
#0 C:\xampp\htdocs\finanzas\system\CodeIgniter.php(832): App\Controllers\ReporteController->print_reporte()
#1 C:\xampp\htdocs\finanzas\system\CodeIgniter.php(419): CodeIgniter\CodeIgniter->runController(Object(App\Controllers\ReporteController))
#2 C:\xampp\htdocs\finanzas\system\CodeIgniter.php(326): CodeIgniter\CodeIgniter->handleRequest(NULL, Object(Config\Cache), false)
#3 C:\xampp\htdocs\finanzas\index.php(37): CodeIgniter\CodeIgniter->run()
#4 {main}
CRITICAL - 2022-06-08 00:03:15 --> Class "App\Controllers\App\Controllers\PDFPDF" not found
#0 C:\xampp\htdocs\finanzas\system\CodeIgniter.php(832): App\Controllers\ReporteController->print_reporte()
#1 C:\xampp\htdocs\finanzas\system\CodeIgniter.php(419): CodeIgniter\CodeIgniter->runController(Object(App\Controllers\ReporteController))
#2 C:\xampp\htdocs\finanzas\system\CodeIgniter.php(326): CodeIgniter\CodeIgniter->handleRequest(NULL, Object(Config\Cache), false)
#3 C:\xampp\htdocs\finanzas\index.php(37): CodeIgniter\CodeIgniter->run()
#4 {main}
CRITICAL - 2022-06-08 00:03:15 --> Class "App\Controllers\App\Controllers\PDFPDF" not found
#0 C:\xampp\htdocs\finanzas\system\CodeIgniter.php(832): App\Controllers\ReporteController->print_reporte()
#1 C:\xampp\htdocs\finanzas\system\CodeIgniter.php(419): CodeIgniter\CodeIgniter->runController(Object(App\Controllers\ReporteController))
#2 C:\xampp\htdocs\finanzas\system\CodeIgniter.php(326): CodeIgniter\CodeIgniter->handleRequest(NULL, Object(Config\Cache), false)
#3 C:\xampp\htdocs\finanzas\index.php(37): CodeIgniter\CodeIgniter->run()
#4 {main}
CRITICAL - 2022-06-08 00:03:16 --> Class "App\Controllers\App\Controllers\PDFPDF" not found
#0 C:\xampp\htdocs\finanzas\system\CodeIgniter.php(832): App\Controllers\ReporteController->print_reporte()
#1 C:\xampp\htdocs\finanzas\system\CodeIgniter.php(419): CodeIgniter\CodeIgniter->runController(Object(App\Controllers\ReporteController))
#2 C:\xampp\htdocs\finanzas\system\CodeIgniter.php(326): CodeIgniter\CodeIgniter->handleRequest(NULL, Object(Config\Cache), false)
#3 C:\xampp\htdocs\finanzas\index.php(37): CodeIgniter\CodeIgniter->run()
#4 {main}
CRITICAL - 2022-06-08 00:03:16 --> Class "App\Controllers\App\Controllers\PDFPDF" not found
#0 C:\xampp\htdocs\finanzas\system\CodeIgniter.php(832): App\Controllers\ReporteController->print_reporte()
#1 C:\xampp\htdocs\finanzas\system\CodeIgniter.php(419): CodeIgniter\CodeIgniter->runController(Object(App\Controllers\ReporteController))
#2 C:\xampp\htdocs\finanzas\system\CodeIgniter.php(326): CodeIgniter\CodeIgniter->handleRequest(NULL, Object(Config\Cache), false)
#3 C:\xampp\htdocs\finanzas\index.php(37): CodeIgniter\CodeIgniter->run()
#4 {main}
CRITICAL - 2022-06-08 00:03:16 --> Class "App\Controllers\App\Controllers\PDFPDF" not found
#0 C:\xampp\htdocs\finanzas\system\CodeIgniter.php(832): App\Controllers\ReporteController->print_reporte()
#1 C:\xampp\htdocs\finanzas\system\CodeIgniter.php(419): CodeIgniter\CodeIgniter->runController(Object(App\Controllers\ReporteController))
#2 C:\xampp\htdocs\finanzas\system\CodeIgniter.php(326): CodeIgniter\CodeIgniter->handleRequest(NULL, Object(Config\Cache), false)
#3 C:\xampp\htdocs\finanzas\index.php(37): CodeIgniter\CodeIgniter->run()
#4 {main}
CRITICAL - 2022-06-08 00:03:16 --> Class "App\Controllers\App\Controllers\PDFPDF" not found
#0 C:\xampp\htdocs\finanzas\system\CodeIgniter.php(832): App\Controllers\ReporteController->print_reporte()
#1 C:\xampp\htdocs\finanzas\system\CodeIgniter.php(419): CodeIgniter\CodeIgniter->runController(Object(App\Controllers\ReporteController))
#2 C:\xampp\htdocs\finanzas\system\CodeIgniter.php(326): CodeIgniter\CodeIgniter->handleRequest(NULL, Object(Config\Cache), false)
#3 C:\xampp\htdocs\finanzas\index.php(37): CodeIgniter\CodeIgniter->run()
#4 {main}
CRITICAL - 2022-06-08 00:03:16 --> Class "App\Controllers\App\Controllers\PDFPDF" not found
#0 C:\xampp\htdocs\finanzas\system\CodeIgniter.php(832): App\Controllers\ReporteController->print_reporte()
#1 C:\xampp\htdocs\finanzas\system\CodeIgniter.php(419): CodeIgniter\CodeIgniter->runController(Object(App\Controllers\ReporteController))
#2 C:\xampp\htdocs\finanzas\system\CodeIgniter.php(326): CodeIgniter\CodeIgniter->handleRequest(NULL, Object(Config\Cache), false)
#3 C:\xampp\htdocs\finanzas\index.php(37): CodeIgniter\CodeIgniter->run()
#4 {main}
CRITICAL - 2022-06-08 03:59:57 --> Namespace declaration statement has to be the very first statement or after any declare call in the script
#0 [internal function]: CodeIgniter\Debug\Exceptions->shutdownHandler()
#1 {main}
CRITICAL - 2022-06-08 04:03:07 --> Namespace declaration statement has to be the very first statement or after any declare call in the script
#0 [internal function]: CodeIgniter\Debug\Exceptions->shutdownHandler()
#1 {main}
CRITICAL - 2022-06-08 04:03:08 --> Namespace declaration statement has to be the very first statement or after any declare call in the script
#0 [internal function]: CodeIgniter\Debug\Exceptions->shutdownHandler()
#1 {main}
CRITICAL - 2022-06-08 04:03:08 --> Namespace declaration statement has to be the very first statement or after any declare call in the script
#0 [internal function]: CodeIgniter\Debug\Exceptions->shutdownHandler()
#1 {main}
CRITICAL - 2022-06-08 04:03:17 --> Namespace declaration statement has to be the very first statement or after any declare call in the script
#0 [internal function]: CodeIgniter\Debug\Exceptions->shutdownHandler()
#1 {main}
CRITICAL - 2022-06-08 04:03:17 --> Namespace declaration statement has to be the very first statement or after any declare call in the script
#0 [internal function]: CodeIgniter\Debug\Exceptions->shutdownHandler()
#1 {main}
CRITICAL - 2022-06-08 04:03:17 --> Namespace declaration statement has to be the very first statement or after any declare call in the script
#0 [internal function]: CodeIgniter\Debug\Exceptions->shutdownHandler()
#1 {main}
CRITICAL - 2022-06-08 04:03:17 --> Namespace declaration statement has to be the very first statement or after any declare call in the script
#0 [internal function]: CodeIgniter\Debug\Exceptions->shutdownHandler()
#1 {main}
CRITICAL - 2022-06-08 04:07:57 --> Class "Dompdf\Dompdf" not found
#0 C:\xampp\htdocs\finanzas\system\CodeIgniter.php(832): App\Controllers\ReporteController->print_reporte()
#1 C:\xampp\htdocs\finanzas\system\CodeIgniter.php(419): CodeIgniter\CodeIgniter->runController(Object(App\Controllers\ReporteController))
#2 C:\xampp\htdocs\finanzas\system\CodeIgniter.php(326): CodeIgniter\CodeIgniter->handleRequest(NULL, Object(Config\Cache), false)
#3 C:\xampp\htdocs\finanzas\index.php(37): CodeIgniter\CodeIgniter->run()
#4 {main}
CRITICAL - 2022-06-08 04:07:58 --> Class "Dompdf\Dompdf" not found
#0 C:\xampp\htdocs\finanzas\system\CodeIgniter.php(832): App\Controllers\ReporteController->print_reporte()
#1 C:\xampp\htdocs\finanzas\system\CodeIgniter.php(419): CodeIgniter\CodeIgniter->runController(Object(App\Controllers\ReporteController))
#2 C:\xampp\htdocs\finanzas\system\CodeIgniter.php(326): CodeIgniter\CodeIgniter->handleRequest(NULL, Object(Config\Cache), false)
#3 C:\xampp\htdocs\finanzas\index.php(37): CodeIgniter\CodeIgniter->run()
#4 {main}
CRITICAL - 2022-06-08 04:07:59 --> Class "Dompdf\Dompdf" not found
#0 C:\xampp\htdocs\finanzas\system\CodeIgniter.php(832): App\Controllers\ReporteController->print_reporte()
#1 C:\xampp\htdocs\finanzas\system\CodeIgniter.php(419): CodeIgniter\CodeIgniter->runController(Object(App\Controllers\ReporteController))
#2 C:\xampp\htdocs\finanzas\system\CodeIgniter.php(326): CodeIgniter\CodeIgniter->handleRequest(NULL, Object(Config\Cache), false)
#3 C:\xampp\htdocs\finanzas\index.php(37): CodeIgniter\CodeIgniter->run()
#4 {main}
CRITICAL - 2022-06-08 04:07:59 --> Class "Dompdf\Dompdf" not found
#0 C:\xampp\htdocs\finanzas\system\CodeIgniter.php(832): App\Controllers\ReporteController->print_reporte()
#1 C:\xampp\htdocs\finanzas\system\CodeIgniter.php(419): CodeIgniter\CodeIgniter->runController(Object(App\Controllers\ReporteController))
#2 C:\xampp\htdocs\finanzas\system\CodeIgniter.php(326): CodeIgniter\CodeIgniter->handleRequest(NULL, Object(Config\Cache), false)
#3 C:\xampp\htdocs\finanzas\index.php(37): CodeIgniter\CodeIgniter->run()
#4 {main}
CRITICAL - 2022-06-08 04:08:00 --> Class "Dompdf\Dompdf" not found
#0 C:\xampp\htdocs\finanzas\system\CodeIgniter.php(832): App\Controllers\ReporteController->print_reporte()
#1 C:\xampp\htdocs\finanzas\system\CodeIgniter.php(419): CodeIgniter\CodeIgniter->runController(Object(App\Controllers\ReporteController))
#2 C:\xampp\htdocs\finanzas\system\CodeIgniter.php(326): CodeIgniter\CodeIgniter->handleRequest(NULL, Object(Config\Cache), false)
#3 C:\xampp\htdocs\finanzas\index.php(37): CodeIgniter\CodeIgniter->run()
#4 {main}
CRITICAL - 2022-06-08 04:08:01 --> Class "Dompdf\Dompdf" not found
#0 C:\xampp\htdocs\finanzas\system\CodeIgniter.php(832): App\Controllers\ReporteController->print_reporte()
#1 C:\xampp\htdocs\finanzas\system\CodeIgniter.php(419): CodeIgniter\CodeIgniter->runController(Object(App\Controllers\ReporteController))
#2 C:\xampp\htdocs\finanzas\system\CodeIgniter.php(326): CodeIgniter\CodeIgniter->handleRequest(NULL, Object(Config\Cache), false)
#3 C:\xampp\htdocs\finanzas\index.php(37): CodeIgniter\CodeIgniter->run()
#4 {main}
CRITICAL - 2022-06-08 04:08:01 --> Class "Dompdf\Dompdf" not found
#0 C:\xampp\htdocs\finanzas\system\CodeIgniter.php(832): App\Controllers\ReporteController->print_reporte()
#1 C:\xampp\htdocs\finanzas\system\CodeIgniter.php(419): CodeIgniter\CodeIgniter->runController(Object(App\Controllers\ReporteController))
#2 C:\xampp\htdocs\finanzas\system\CodeIgniter.php(326): CodeIgniter\CodeIgniter->handleRequest(NULL, Object(Config\Cache), false)
#3 C:\xampp\htdocs\finanzas\index.php(37): CodeIgniter\CodeIgniter->run()
#4 {main}
CRITICAL - 2022-06-08 04:08:01 --> Class "Dompdf\Dompdf" not found
#0 C:\xampp\htdocs\finanzas\system\CodeIgniter.php(832): App\Controllers\ReporteController->print_reporte()
#1 C:\xampp\htdocs\finanzas\system\CodeIgniter.php(419): CodeIgniter\CodeIgniter->runController(Object(App\Controllers\ReporteController))
#2 C:\xampp\htdocs\finanzas\system\CodeIgniter.php(326): CodeIgniter\CodeIgniter->handleRequest(NULL, Object(Config\Cache), false)
#3 C:\xampp\htdocs\finanzas\index.php(37): CodeIgniter\CodeIgniter->run()
#4 {main}
CRITICAL - 2022-06-08 04:08:02 --> Class "Dompdf\Dompdf" not found
#0 C:\xampp\htdocs\finanzas\system\CodeIgniter.php(832): App\Controllers\ReporteController->print_reporte()
#1 C:\xampp\htdocs\finanzas\system\CodeIgniter.php(419): CodeIgniter\CodeIgniter->runController(Object(App\Controllers\ReporteController))
#2 C:\xampp\htdocs\finanzas\system\CodeIgniter.php(326): CodeIgniter\CodeIgniter->handleRequest(NULL, Object(Config\Cache), false)
#3 C:\xampp\htdocs\finanzas\index.php(37): CodeIgniter\CodeIgniter->run()
#4 {main}
CRITICAL - 2022-06-08 04:08:02 --> Class "Dompdf\Dompdf" not found
#0 C:\xampp\htdocs\finanzas\system\CodeIgniter.php(832): App\Controllers\ReporteController->print_reporte()
#1 C:\xampp\htdocs\finanzas\system\CodeIgniter.php(419): CodeIgniter\CodeIgniter->runController(Object(App\Controllers\ReporteController))
#2 C:\xampp\htdocs\finanzas\system\CodeIgniter.php(326): CodeIgniter\CodeIgniter->handleRequest(NULL, Object(Config\Cache), false)
#3 C:\xampp\htdocs\finanzas\index.php(37): CodeIgniter\CodeIgniter->run()
#4 {main}
CRITICAL - 2022-06-08 04:08:02 --> Class "Dompdf\Dompdf" not found
#0 C:\xampp\htdocs\finanzas\system\CodeIgniter.php(832): App\Controllers\ReporteController->print_reporte()
#1 C:\xampp\htdocs\finanzas\system\CodeIgniter.php(419): CodeIgniter\CodeIgniter->runController(Object(App\Controllers\ReporteController))
#2 C:\xampp\htdocs\finanzas\system\CodeIgniter.php(326): CodeIgniter\CodeIgniter->handleRequest(NULL, Object(Config\Cache), false)
#3 C:\xampp\htdocs\finanzas\index.php(37): CodeIgniter\CodeIgniter->run()
#4 {main}
CRITICAL - 2022-06-08 04:08:02 --> Class "Dompdf\Dompdf" not found
#0 C:\xampp\htdocs\finanzas\system\CodeIgniter.php(832): App\Controllers\ReporteController->print_reporte()
#1 C:\xampp\htdocs\finanzas\system\CodeIgniter.php(419): CodeIgniter\CodeIgniter->runController(Object(App\Controllers\ReporteController))
#2 C:\xampp\htdocs\finanzas\system\CodeIgniter.php(326): CodeIgniter\CodeIgniter->handleRequest(NULL, Object(Config\Cache), false)
#3 C:\xampp\htdocs\finanzas\index.php(37): CodeIgniter\CodeIgniter->run()
#4 {main}
CRITICAL - 2022-06-08 04:08:02 --> Class "Dompdf\Dompdf" not found
#0 C:\xampp\htdocs\finanzas\system\CodeIgniter.php(832): App\Controllers\ReporteController->print_reporte()
#1 C:\xampp\htdocs\finanzas\system\CodeIgniter.php(419): CodeIgniter\CodeIgniter->runController(Object(App\Controllers\ReporteController))
#2 C:\xampp\htdocs\finanzas\system\CodeIgniter.php(326): CodeIgniter\CodeIgniter->handleRequest(NULL, Object(Config\Cache), false)
#3 C:\xampp\htdocs\finanzas\index.php(37): CodeIgniter\CodeIgniter->run()
#4 {main}
CRITICAL - 2022-06-08 04:08:02 --> Class "Dompdf\Dompdf" not found
#0 C:\xampp\htdocs\finanzas\system\CodeIgniter.php(832): App\Controllers\ReporteController->print_reporte()
#1 C:\xampp\htdocs\finanzas\system\CodeIgniter.php(419): CodeIgniter\CodeIgniter->runController(Object(App\Controllers\ReporteController))
#2 C:\xampp\htdocs\finanzas\system\CodeIgniter.php(326): CodeIgniter\CodeIgniter->handleRequest(NULL, Object(Config\Cache), false)
#3 C:\xampp\htdocs\finanzas\index.php(37): CodeIgniter\CodeIgniter->run()
#4 {main}
CRITICAL - 2022-06-08 04:08:02 --> Class "Dompdf\Dompdf" not found
#0 C:\xampp\htdocs\finanzas\system\CodeIgniter.php(832): App\Controllers\ReporteController->print_reporte()
#1 C:\xampp\htdocs\finanzas\system\CodeIgniter.php(419): CodeIgniter\CodeIgniter->runController(Object(App\Controllers\ReporteController))
#2 C:\xampp\htdocs\finanzas\system\CodeIgniter.php(326): CodeIgniter\CodeIgniter->handleRequest(NULL, Object(Config\Cache), false)
#3 C:\xampp\htdocs\finanzas\index.php(37): CodeIgniter\CodeIgniter->run()
#4 {main}
CRITICAL - 2022-06-08 04:09:12 --> Class "Dompdf\Dompdf" not found
#0 C:\xampp\htdocs\finanzas\system\CodeIgniter.php(832): App\Controllers\ReporteController->print_reporte()
#1 C:\xampp\htdocs\finanzas\system\CodeIgniter.php(419): CodeIgniter\CodeIgniter->runController(Object(App\Controllers\ReporteController))
#2 C:\xampp\htdocs\finanzas\system\CodeIgniter.php(326): CodeIgniter\CodeIgniter->handleRequest(NULL, Object(Config\Cache), false)
#3 C:\xampp\htdocs\finanzas\index.php(37): CodeIgniter\CodeIgniter->run()
#4 {main}
CRITICAL - 2022-06-08 04:09:36 --> Class "Dompdf\Dompdf" not found
#0 C:\xampp\htdocs\finanzas\system\CodeIgniter.php(832): App\Controllers\ReporteController->print_reporte()
#1 C:\xampp\htdocs\finanzas\system\CodeIgniter.php(419): CodeIgniter\CodeIgniter->runController(Object(App\Controllers\ReporteController))
#2 C:\xampp\htdocs\finanzas\system\CodeIgniter.php(326): CodeIgniter\CodeIgniter->handleRequest(NULL, Object(Config\Cache), false)
#3 C:\xampp\htdocs\finanzas\index.php(37): CodeIgniter\CodeIgniter->run()
#4 {main}
CRITICAL - 2022-06-08 04:09:37 --> Class "Dompdf\Dompdf" not found
#0 C:\xampp\htdocs\finanzas\system\CodeIgniter.php(832): App\Controllers\ReporteController->print_reporte()
#1 C:\xampp\htdocs\finanzas\system\CodeIgniter.php(419): CodeIgniter\CodeIgniter->runController(Object(App\Controllers\ReporteController))
#2 C:\xampp\htdocs\finanzas\system\CodeIgniter.php(326): CodeIgniter\CodeIgniter->handleRequest(NULL, Object(Config\Cache), false)
#3 C:\xampp\htdocs\finanzas\index.php(37): CodeIgniter\CodeIgniter->run()
#4 {main}
CRITICAL - 2022-06-08 04:09:39 --> Class "Dompdf\Dompdf" not found
#0 C:\xampp\htdocs\finanzas\system\CodeIgniter.php(832): App\Controllers\ReporteController->print_reporte()
#1 C:\xampp\htdocs\finanzas\system\CodeIgniter.php(419): CodeIgniter\CodeIgniter->runController(Object(App\Controllers\ReporteController))
#2 C:\xampp\htdocs\finanzas\system\CodeIgniter.php(326): CodeIgniter\CodeIgniter->handleRequest(NULL, Object(Config\Cache), false)
#3 C:\xampp\htdocs\finanzas\index.php(37): CodeIgniter\CodeIgniter->run()
#4 {main}
CRITICAL - 2022-06-08 04:10:49 --> Class "Dompdf\Dompdf" not found
#0 C:\xampp\htdocs\finanzas\system\CodeIgniter.php(832): App\Controllers\ReporteController->print_reporte()
#1 C:\xampp\htdocs\finanzas\system\CodeIgniter.php(419): CodeIgniter\CodeIgniter->runController(Object(App\Controllers\ReporteController))
#2 C:\xampp\htdocs\finanzas\system\CodeIgniter.php(326): CodeIgniter\CodeIgniter->handleRequest(NULL, Object(Config\Cache), false)
#3 C:\xampp\htdocs\finanzas\index.php(37): CodeIgniter\CodeIgniter->run()
#4 {main}
